<?xml version="1.0" encoding="UTF-8"?>
<testng-results ignored="0" total="1" passed="1" failed="0" skipped="0">
  <reporter-output>
  </reporter-output>
  <suite started-at="2023-10-12T10:23:55 BST" name="Default suite" finished-at="2023-10-12T10:24:06 BST" duration-ms="11493">
    <groups>
    </groups>
    <test started-at="2023-10-12T10:23:55 BST" name="Default test" finished-at="2023-10-12T10:24:06 BST" duration-ms="11493">
      <class name="Scripts.TestCase1">
        <test-method is-config="true" signature="openApp()[pri:0, instance:Scripts.TestCase1@30ee2816]" started-at="2023-10-12T10:23:55 BST" name="openApp" finished-at="2023-10-12T10:24:00 BST" duration-ms="4997" status="PASS">
          <reporter-output>
          </reporter-output>
        </test-method> <!-- openApp -->
        <test-method signature="tc1()[pri:0, instance:Scripts.TestCase1@30ee2816]" started-at="2023-10-12T10:24:00 BST" name="tc1" finished-at="2023-10-12T10:24:06 BST" duration-ms="6423" status="PASS">
          <reporter-output>
          </reporter-output>
        </test-method> <!-- tc1 -->
      </class> <!-- Scripts.TestCase1 -->
    </test> <!-- Default test -->
  </suite> <!-- Default suite -->
</testng-results>
